Determining if the Q_WS_WIN exist failed with the following output:
Change Dir: /home/cmoroldo/Bureau/redemption/projects/ClientQtGraphicAPI/build/CMakeFiles/CMakeTmp

Run Build Command:"/usr/bin/make" "cmTC_3f247/fast"
/usr/bin/make -f CMakeFiles/cmTC_3f247.dir/build.make CMakeFiles/cmTC_3f247.dir/build
make[1]: Entering directory '/home/cmoroldo/Bureau/redemption/projects/ClientQtGraphicAPI/build/CMakeFiles/CMakeTmp'
Building CXX object CMakeFiles/cmTC_3f247.dir/CheckSymbolExists.cxx.o
/usr/bin/c++    -I/usr/include/qt4   -o CMakeFiles/cmTC_3f247.dir/CheckSymbolExists.cxx.o -c /home/cmoroldo/Bureau/redemption/projects/ClientQtGraphicAPI/build/CMakeFiles/CMakeTmp/CheckSymbolExists.cxx
/home/cmoroldo/Bureau/redemption/projects/ClientQtGraphicAPI/build/CMakeFiles/CMakeTmp/CheckSymbolExists.cxx: In function ‘int main(int, char**)’:
/home/cmoroldo/Bureau/redemption/projects/ClientQtGraphicAPI/build/CMakeFiles/CMakeTmp/CheckSymbolExists.cxx:8:19: error: ‘Q_WS_WIN’ was not declared in this scope
   return ((int*)(&Q_WS_WIN))[argc];
                   ^~~~~~~~
CMakeFiles/cmTC_3f247.dir/build.make:65: recipe for target 'CMakeFiles/cmTC_3f247.dir/CheckSymbolExists.cxx.o' failed
make[1]: *** [CMakeFiles/cmTC_3f247.dir/CheckSymbolExists.cxx.o] Error 1
make[1]: Leaving directory '/home/cmoroldo/Bureau/redemption/projects/ClientQtGraphicAPI/build/CMakeFiles/CMakeTmp'
Makefile:126: recipe for target 'cmTC_3f247/fast' failed
make: *** [cmTC_3f247/fast] Error 2

File /home/cmoroldo/Bureau/redemption/projects/ClientQtGraphicAPI/build/CMakeFiles/CMakeTmp/CheckSymbolExists.cxx:
/* */
#include <QtCore/qglobal.h>

int main(int argc, char** argv)
{
  (void)argv;
#ifndef Q_WS_WIN
  return ((int*)(&Q_WS_WIN))[argc];
#else
  (void)argc;
  return 0;
#endif
}

Determining if the Q_WS_QWS exist failed with the following output:
Change Dir: /home/cmoroldo/Bureau/redemption/projects/ClientQtGraphicAPI/build/CMakeFiles/CMakeTmp

Run Build Command:"/usr/bin/make" "cmTC_45412/fast"
/usr/bin/make -f CMakeFiles/cmTC_45412.dir/build.make CMakeFiles/cmTC_45412.dir/build
make[1]: Entering directory '/home/cmoroldo/Bureau/redemption/projects/ClientQtGraphicAPI/build/CMakeFiles/CMakeTmp'
Building CXX object CMakeFiles/cmTC_45412.dir/CheckSymbolExists.cxx.o
/usr/bin/c++    -I/usr/include/qt4   -o CMakeFiles/cmTC_45412.dir/CheckSymbolExists.cxx.o -c /home/cmoroldo/Bureau/redemption/projects/ClientQtGraphicAPI/build/CMakeFiles/CMakeTmp/CheckSymbolExists.cxx
/home/cmoroldo/Bureau/redemption/projects/ClientQtGraphicAPI/build/CMakeFiles/CMakeTmp/CheckSymbolExists.cxx: In function ‘int main(int, char**)’:
/home/cmoroldo/Bureau/redemption/projects/ClientQtGraphicAPI/build/CMakeFiles/CMakeTmp/CheckSymbolExists.cxx:8:19: error: ‘Q_WS_QWS’ was not declared in this scope
   return ((int*)(&Q_WS_QWS))[argc];
                   ^~~~~~~~
CMakeFiles/cmTC_45412.dir/build.make:65: recipe for target 'CMakeFiles/cmTC_45412.dir/CheckSymbolExists.cxx.o' failed
make[1]: *** [CMakeFiles/cmTC_45412.dir/CheckSymbolExists.cxx.o] Error 1
make[1]: Leaving directory '/home/cmoroldo/Bureau/redemption/projects/ClientQtGraphicAPI/build/CMakeFiles/CMakeTmp'
Makefile:126: recipe for target 'cmTC_45412/fast' failed
make: *** [cmTC_45412/fast] Error 2

File /home/cmoroldo/Bureau/redemption/projects/ClientQtGraphicAPI/build/CMakeFiles/CMakeTmp/CheckSymbolExists.cxx:
/* */
#include <QtCore/qglobal.h>

int main(int argc, char** argv)
{
  (void)argv;
#ifndef Q_WS_QWS
  return ((int*)(&Q_WS_QWS))[argc];
#else
  (void)argc;
  return 0;
#endif
}

Determining if the Q_WS_MAC exist failed with the following output:
Change Dir: /home/cmoroldo/Bureau/redemption/projects/ClientQtGraphicAPI/build/CMakeFiles/CMakeTmp

Run Build Command:"/usr/bin/make" "cmTC_0f97e/fast"
/usr/bin/make -f CMakeFiles/cmTC_0f97e.dir/build.make CMakeFiles/cmTC_0f97e.dir/build
make[1]: Entering directory '/home/cmoroldo/Bureau/redemption/projects/ClientQtGraphicAPI/build/CMakeFiles/CMakeTmp'
Building CXX object CMakeFiles/cmTC_0f97e.dir/CheckSymbolExists.cxx.o
/usr/bin/c++    -I/usr/include/qt4   -o CMakeFiles/cmTC_0f97e.dir/CheckSymbolExists.cxx.o -c /home/cmoroldo/Bureau/redemption/projects/ClientQtGraphicAPI/build/CMakeFiles/CMakeTmp/CheckSymbolExists.cxx
/home/cmoroldo/Bureau/redemption/projects/ClientQtGraphicAPI/build/CMakeFiles/CMakeTmp/CheckSymbolExists.cxx: In function ‘int main(int, char**)’:
/home/cmoroldo/Bureau/redemption/projects/ClientQtGraphicAPI/build/CMakeFiles/CMakeTmp/CheckSymbolExists.cxx:8:19: error: ‘Q_WS_MAC’ was not declared in this scope
   return ((int*)(&Q_WS_MAC))[argc];
                   ^~~~~~~~
CMakeFiles/cmTC_0f97e.dir/build.make:65: recipe for target 'CMakeFiles/cmTC_0f97e.dir/CheckSymbolExists.cxx.o' failed
make[1]: *** [CMakeFiles/cmTC_0f97e.dir/CheckSymbolExists.cxx.o] Error 1
make[1]: Leaving directory '/home/cmoroldo/Bureau/redemption/projects/ClientQtGraphicAPI/build/CMakeFiles/CMakeTmp'
Makefile:126: recipe for target 'cmTC_0f97e/fast' failed
make: *** [cmTC_0f97e/fast] Error 2

File /home/cmoroldo/Bureau/redemption/projects/ClientQtGraphicAPI/build/CMakeFiles/CMakeTmp/CheckSymbolExists.cxx:
/* */
#include <QtCore/qglobal.h>

int main(int argc, char** argv)
{
  (void)argv;
#ifndef Q_WS_MAC
  return ((int*)(&Q_WS_MAC))[argc];
#else
  (void)argc;
  return 0;
#endif
}

